<?xml version="1.0" encoding="UTF-8"?>
<testng-results ignored="0" total="1" passed="1" failed="0" skipped="0">
  <reporter-output>
  </reporter-output>
  <suite started-at="2022-05-12T09:51:08 EDT" name="Default suite" finished-at="2022-05-12T09:51:17 EDT" duration-ms="8278">
    <groups>
    </groups>
    <test started-at="2022-05-12T09:51:08 EDT" name="Default test" finished-at="2022-05-12T09:51:17 EDT" duration-ms="8278">
      <class name="Mavenjava.HomePage">
        <test-method signature="basepagenavigation()[pri:0, instance:Mavenjava.HomePage@4d9e68d0]" started-at="2022-05-12T09:51:09 EDT" name="basepagenavigation" finished-at="2022-05-12T09:51:17 EDT" duration-ms="8196" status="PASS">
          <reporter-output>
          </reporter-output>
        </test-method> <!-- basepagenavigation -->
      </class> <!-- Mavenjava.HomePage -->
    </test> <!-- Default test -->
  </suite> <!-- Default suite -->
</testng-results>
